# JRE version: OpenJDK Runtime Environment (8.0_112-b06) (build 1.8.0_112-release-b06)
# Java VM: OpenJDK 64-Bit Server VM (25.112-b06 mixed mode windows-amd64 compressed oops)
Heap:
 PSYoungGen      total 156160K, used 74916K [0x00000000e0000000, 0x00000000ec280000, 0x0000000100000000)
  eden space 142848K, 43% used [0x00000000e0000000,0x00000000e3c2a7c8,0x00000000e8b80000)
  from space 13312K, 99% used [0x00000000e8f80000,0x00000000e9c7e918,0x00000000e9c80000)
  to   space 28160K, 0% used [0x00000000ea700000,0x00000000ea700000,0x00000000ec280000)
 ParOldGen       total 161792K, used 91711K [0x00000000a0000000, 0x00000000a9e00000, 0x00000000e0000000)
  object space 161792K, 56% used [0x00000000a0000000,0x00000000a598fec8,0x00000000a9e00000)
 Metaspace       used 77553K, capacity 81512K, committed 81536K, reserved 1120256K
  class space    used 9934K, capacity 10603K, committed 10624K, reserved 1048576K
GC Heap History (10 events):
Event: 2192.523 GC heap before
{Heap before GC invocations=22 (full 3):
 PSYoungGen      total 167936K, used 167852K [0x00000000e0000000, 0x00000000ee680000, 0x0000000100000000)
  eden space 155648K, 100% used [0x00000000e0000000,0x00000000e9800000,0x00000000e9800000)
  from space 12288K, 99% used [0x00000000eda80000,0x00000000ee66b3a8,0x00000000ee680000)
  to   space 30720K, 0% used [0x00000000eaa80000,0x00000000eaa80000,0x00000000ec880000)
 ParOldGen       total 161792K, used 77395K [0x00000000a0000000, 0x00000000a9e00000, 0x00000000e0000000)
  object space 161792K, 47% used [0x00000000a0000000,0x00000000a4b94e98,0x00000000a9e00000)
 Metaspace       used 67409K, capacity 70782K, committed 70912K, reserved 1110016K
  class space    used 8788K, capacity 9376K, committed 9472K, reserved 1048576K
Event: 2192.535 GC heap after
Heap after GC invocations=22 (full 3):
 PSYoungGen      total 156672K, used 5264K [0x00000000e0000000, 0x00000000edb00000, 0x0000000100000000)
  eden space 151040K, 0% used [0x00000000e0000000,0x00000000e0000000,0x00000000e9380000)
  from space 5632K, 93% used [0x00000000eaa80000,0x00000000eafa4030,0x00000000eb000000)
  to   space 30720K, 0% used [0x00000000ebd00000,0x00000000ebd00000,0x00000000edb00000)
 ParOldGen       total 161792K, used 77403K [0x00000000a0000000, 0x00000000a9e00000, 0x00000000e0000000)
  object space 161792K, 47% used [0x00000000a0000000,0x00000000a4b96e98,0x00000000a9e00000)
 Metaspace       used 67409K, capacity 70782K, committed 70912K, reserved 1110016K
  class space    used 8788K, capacity 9376K, committed 9472K, reserved 1048576K
}
Event: 2224.130 GC heap before
{Heap before GC invocations=23 (full 3):
 PSYoungGen      total 156672K, used 156304K [0x00000000e0000000, 0x00000000edb00000, 0x0000000100000000)
  eden space 151040K, 100% used [0x00000000e0000000,0x00000000e9380000,0x00000000e9380000)
  from space 5632K, 93% used [0x00000000eaa80000,0x00000000eafa4030,0x00000000eb000000)
  to   space 30720K, 0% used [0x00000000ebd00000,0x00000000ebd00000,0x00000000edb00000)
 ParOldGen       total 161792K, used 77403K [0x00000000a0000000, 0x00000000a9e00000, 0x00000000e0000000)
  object space 161792K, 47% used [0x00000000a0000000,0x00000000a4b96e98,0x00000000a9e00000)
 Metaspace       used 68128K, capacity 71852K, committed 72064K, reserved 1112064K
  class space    used 8887K, capacity 9519K, committed 9600K, reserved 1048576K
Event: 2224.141 GC heap after
Heap after GC invocations=23 (full 3):
 PSYoungGen      total 159744K, used 8200K [0x00000000e0000000, 0x00000000ec980000, 0x0000000100000000)
  eden space 146944K, 0% used [0x00000000e0000000,0x00000000e0000000,0x00000000e8f80000)
  from space 12800K, 64% used [0x00000000ebd00000,0x00000000ec502368,0x00000000ec980000)
  to   space 29696K, 0% used [0x00000000e8f80000,0x00000000e8f80000,0x00000000eac80000)
 ParOldGen       total 161792K, used 77411K [0x00000000a0000000, 0x00000000a9e00000, 0x00000000e0000000)
  object space 161792K, 47% used [0x00000000a0000000,0x00000000a4b98e98,0x00000000a9e00000)
 Metaspace       used 68128K, capacity 71852K, committed 72064K, reserved 1112064K
  class space    used 8887K, capacity 9519K, committed 9600K, reserved 1048576K
}
Event: 2238.062 GC heap before
{Heap before GC invocations=24 (full 3):
 PSYoungGen      total 159744K, used 154632K [0x00000000e0000000, 0x00000000ec980000, 0x0000000100000000)
  eden space 146944K, 99% used [0x00000000e0000000,0x00000000e8effdb8,0x00000000e8f80000)
  from space 12800K, 64% used [0x00000000ebd00000,0x00000000ec502368,0x00000000ec980000)
  to   space 29696K, 0% used [0x00000000e8f80000,0x00000000e8f80000,0x00000000eac80000)
 ParOldGen       total 161792K, used 77411K [0x00000000a0000000, 0x00000000a9e00000, 0x00000000e0000000)
  object space 161792K, 47% used [0x00000000a0000000,0x00000000a4b98e98,0x00000000a9e00000)
 Metaspace       used 74033K, capacity 77912K, committed 78208K, reserved 1118208K
  class space    used 9615K, capacity 10277K, committed 10368K, reserved 1048576K
Event: 2238.074 GC heap after
Heap after GC invocations=24 (full 3):
 PSYoungGen      total 156160K, used 13044K [0x00000000e0000000, 0x00000000ec280000, 0x0000000100000000)
  eden space 142848K, 0% used [0x00000000e0000000,0x00000000e0000000,0x00000000e8b80000)
  from space 13312K, 97% used [0x00000000e8f80000,0x00000000e9c3d350,0x00000000e9c80000)
  to   space 28160K, 0% used [0x00000000ea700000,0x00000000ea700000,0x00000000ec280000)
 ParOldGen       total 161792K, used 77427K [0x00000000a0000000, 0x00000000a9e00000, 0x00000000e0000000)
  object space 161792K, 47% used [0x00000000a0000000,0x00000000a4b9ce98,0x00000000a9e00000)
 Metaspace       used 74033K, capacity 77912K, committed 78208K, reserved 1118208K
  class space    used 9615K, capacity 10277K, committed 10368K, reserved 1048576K
}
Event: 2238.095 GC heap before
{Heap before GC invocations=25 (full 3):
 PSYoungGen      total 156160K, used 155396K [0x00000000e0000000, 0x00000000ec280000, 0x0000000100000000)
  eden space 142848K, 99% used [0x00000000e0000000,0x00000000e8b03d50,0x00000000e8b80000)
  from space 13312K, 97% used [0x00000000e8f80000,0x00000000e9c3d350,0x00000000e9c80000)
  to   space 28160K, 0% used [0x00000000ea700000,0x00000000ea700000,0x00000000ec280000)
 ParOldGen       total 161792K, used 77427K [0x00000000a0000000, 0x00000000a9e00000, 0x00000000e0000000)
  object space 161792K, 47% used [0x00000000a0000000,0x00000000a4b9ce98,0x00000000a9e00000)
 Metaspace       used 74039K, capacity 77912K, committed 78208K, reserved 1118208K
  class space    used 9615K, capacity 10277K, committed 10368K, reserved 1048576K
Event: 2238.106 GC heap after
Heap after GC invocations=25 (full 3):
 PSYoungGen      total 171008K, used 11708K [0x00000000e0000000, 0x00000000ec280000, 0x0000000100000000)
  eden space 142848K, 0% used [0x00000000e0000000,0x00000000e0000000,0x00000000e8b80000)
  from space 28160K, 41% used [0x00000000ea700000,0x00000000eb26f0e0,0x00000000ec280000)
  to   space 13312K, 0% used [0x00000000e8f80000,0x00000000e8f80000,0x00000000e9c80000)
 ParOldGen       total 161792K, used 77435K [0x00000000a0000000, 0x00000000a9e00000, 0x00000000e0000000)
  object space 161792K, 47% used [0x00000000a0000000,0x00000000a4b9ee98,0x00000000a9e00000)
 Metaspace       used 74039K, capacity 77912K, committed 78208K, reserved 1118208K
  class space    used 9615K, capacity 10277K, committed 10368K, reserved 1048576K
}
Event: 2245.281 GC heap before
{Heap before GC invocations=26 (full 3):
 PSYoungGen      total 171008K, used 154556K [0x00000000e0000000, 0x00000000ec280000, 0x0000000100000000)
  eden space 142848K, 100% used [0x00000000e0000000,0x00000000e8b80000,0x00000000e8b80000)
  from space 28160K, 41% used [0x00000000ea700000,0x00000000eb26f0e0,0x00000000ec280000)
  to   space 13312K, 0% used [0x00000000e8f80000,0x00000000e8f80000,0x00000000e9c80000)
 ParOldGen       total 161792K, used 77435K [0x00000000a0000000, 0x00000000a9e00000, 0x00000000e0000000)
  object space 161792K, 47% used [0x00000000a0000000,0x00000000a4b9ee98,0x00000000a9e00000)
 Metaspace       used 77207K, capacity 81192K, committed 81280K, reserved 1120256K
  class space    used 9925K, capacity 10603K, committed 10624K, reserved 1048576K
Event: 2245.304 GC heap after
Heap after GC invocations=26 (full 3):
 PSYoungGen      total 156160K, used 13306K [0x00000000e0000000, 0x00000000ec280000, 0x0000000100000000)
  eden space 142848K, 0% used [0x00000000e0000000,0x00000000e0000000,0x00000000e8b80000)
  from space 13312K, 99% used [0x00000000e8f80000,0x00000000e9c7e918,0x00000000e9c80000)
  to   space 28160K, 0% used [0x00000000ea700000,0x00000000ea700000,0x00000000ec280000)
 ParOldGen       total 161792K, used 91711K [0x00000000a0000000, 0x00000000a9e00000, 0x00000000e0000000)
  object space 161792K, 56% used [0x00000000a0000000,0x00000000a598fec8,0x00000000a9e00000)
 Metaspace       used 77207K, capacity 81192K, committed 81280K, reserved 1120256K
  class space    used 9925K, capacity 10603K, committed 10624K, reserved 1048576K
}

